<?xml version="1.0" ?>
<coverage version="7.15.0" timestamp="1783435045767" lines-valid="652" lines-covered="615" line-rate="0.9433" branches-valid="72" branches-covered="62" branch-rate="0.8611" complexity="0">
	<!-- Generated by coverage.py: https://coverage.readthedocs.io/en/7.15.0 -->
	<!-- Based on https://raw.githubusercontent.com/cobertura/web/master/htdocs/xml/coverage-04.dtd -->
	<sources>
		<source>/Users/swaroop.bhat/Documents/myapps/resilience-lib</source>
	</sources>
	<packages>
		<package name="src.reslib" line-rate="0.9854" branch-rate="1" complexity="0">
			<classes>
				<class name="config.py" filename="src/reslib/config.py" complexity="0" line-rate="1" branch-rate="1">
					<methods/>
					<lines>
						<line number="1" hits="1"/>
						<line number="2" hits="1"/>
						<line number="5" hits="1"/>
						<line number="7" hits="1"/>
						<line number="9" hits="1"/>
						<line number="13" hits="1"/>
						<line number="18" hits="1"/>
					</lines>
				</class>
				<class name="constants.py" filename="src/reslib/constants.py" complexity="0" line-rate="1" branch-rate="1">
					<methods/>
					<lines>
						<line number="1" hits="1"/>
						<line number="2" hits="1"/>
						<line number="4" hits="1"/>
						<line number="5" hits="1"/>
						<line number="6" hits="1"/>
						<line number="7" hits="1"/>
						<line number="8" hits="1"/>
						<line number="10" hits="1"/>
						<line number="11" hits="1"/>
						<line number="12" hits="1"/>
						<line number="14" hits="1"/>
						<line number="16" hits="1"/>
						<line number="18" hits="1"/>
						<line number="20" hits="1"/>
						<line number="21" hits="1"/>
						<line number="22" hits="1"/>
						<line number="23" hits="1"/>
						<line number="24" hits="1"/>
						<line number="25" hits="1"/>
						<line number="28" hits="1"/>
						<line number="29" hits="1"/>
						<line number="30" hits="1"/>
						<line number="31" hits="1"/>
						<line number="32" hits="1"/>
						<line number="33" hits="1"/>
						<line number="36" hits="1"/>
						<line number="37" hits="1"/>
						<line number="38" hits="1"/>
						<line number="41" hits="1"/>
						<line number="44" hits="1"/>
						<line number="49" hits="1"/>
						<line number="50" hits="1"/>
						<line number="53" hits="1"/>
						<line number="54" hits="1"/>
						<line number="55" hits="1"/>
						<line number="58" hits="1"/>
						<line number="65" hits="1"/>
						<line number="66" hits="1"/>
						<line number="67" hits="1"/>
						<line number="70" hits="1"/>
						<line number="71" hits="1"/>
						<line number="72" hits="1"/>
						<line number="75" hits="1"/>
						<line number="76" hits="1"/>
						<line number="77" hits="1"/>
						<line number="80" hits="1"/>
						<line number="81" hits="1"/>
						<line number="82" hits="1"/>
						<line number="85" hits="1"/>
						<line number="95" hits="1"/>
						<line number="98" hits="1"/>
						<line number="101" hits="1"/>
						<line number="102" hits="1"/>
						<line number="103" hits="1"/>
						<line number="104" hits="1"/>
						<line number="105" hits="1"/>
						<line number="108" hits="1"/>
						<line number="111" hits="1"/>
						<line number="112" hits="1"/>
						<line number="113" hits="1"/>
						<line number="114" hits="1"/>
					</lines>
				</class>
				<class name="exceptions.py" filename="src/reslib/exceptions.py" complexity="0" line-rate="1" branch-rate="1">
					<methods/>
					<lines>
						<line number="1" hits="1"/>
						<line number="2" hits="1"/>
						<line number="5" hits="1"/>
						<line number="6" hits="1"/>
						<line number="9" hits="1"/>
						<line number="10" hits="1"/>
						<line number="11" hits="1"/>
						<line number="13" hits="1"/>
						<line number="14" hits="1"/>
						<line number="16" hits="1"/>
						<line number="17" hits="1"/>
						<line number="19" hits="1"/>
						<line number="20" hits="1"/>
						<line number="28" hits="1"/>
						<line number="29" hits="1"/>
						<line number="32" hits="1"/>
						<line number="33" hits="1"/>
						<line number="36" hits="1"/>
						<line number="37" hits="1"/>
						<line number="40" hits="1"/>
						<line number="41" hits="1"/>
						<line number="44" hits="1"/>
						<line number="45" hits="1"/>
						<line number="48" hits="1"/>
						<line number="49" hits="1"/>
						<line number="52" hits="1"/>
						<line number="53" hits="1"/>
					</lines>
				</class>
				<class name="helpers.py" filename="src/reslib/helpers.py" complexity="0" line-rate="0.9375" branch-rate="1">
					<methods/>
					<lines>
						<line number="1" hits="1"/>
						<line number="2" hits="1"/>
						<line number="3" hits="1"/>
						<line number="4" hits="1"/>
						<line number="6" hits="1"/>
						<line number="8" hits="1"/>
						<line number="11" hits="1"/>
						<line number="13" hits="1"/>
						<line number="14" hits="1"/>
						<line number="21" hits="0"/>
						<line number="23" hits="1"/>
						<line number="24" hits="1"/>
						<line number="31" hits="0"/>
						<line number="34" hits="1"/>
						<line number="42" hits="1"/>
						<line number="43" hits="1"/>
						<line number="45" hits="1"/>
						<line number="46" hits="1"/>
						<line number="49" hits="1"/>
						<line number="50" hits="1"/>
						<line number="51" hits="1"/>
						<line number="52" hits="1"/>
						<line number="53" hits="1"/>
						<line number="56" hits="1"/>
						<line number="62" hits="1"/>
						<line number="63" hits="1"/>
						<line number="64" hits="1"/>
						<line number="65" hits="1"/>
						<line number="67" hits="1"/>
						<line number="69" hits="1"/>
						<line number="72" hits="1"/>
						<line number="74" hits="1"/>
					</lines>
				</class>
				<class name="logging.py" filename="src/reslib/logging.py" complexity="0" line-rate="1" branch-rate="1">
					<methods/>
					<lines>
						<line number="1" hits="1"/>
						<line number="2" hits="1"/>
						<line number="3" hits="1"/>
						<line number="4" hits="1"/>
						<line number="6" hits="1"/>
						<line number="9" hits="1"/>
						<line number="12" hits="1"/>
						<line number="14" hits="1"/>
						<line number="49" hits="1"/>
						<line number="50" hits="1"/>
					</lines>
				</class>
			</classes>
		</package>
		<package name="src.reslib.actions" line-rate="1" branch-rate="1" complexity="0">
			<classes>
				<class name="schemas.py" filename="src/reslib/actions/schemas.py" complexity="0" line-rate="1" branch-rate="1">
					<methods/>
					<lines>
						<line number="1" hits="1"/>
						<line number="4" hits="1"/>
						<line number="7" hits="1"/>
						<line number="14" hits="1"/>
						<line number="17" hits="1"/>
						<line number="28" hits="1"/>
						<line number="31" hits="1"/>
					</lines>
				</class>
			</classes>
		</package>
		<package name="src.reslib.core" line-rate="0.955" branch-rate="0.8333" complexity="0">
			<classes>
				<class name="context.py" filename="src/reslib/core/context.py" complexity="0" line-rate="0.9605" branch-rate="0.8333">
					<methods/>
					<lines>
						<line number="1" hits="1"/>
						<line number="2" hits="1"/>
						<line number="3" hits="1"/>
						<line number="4" hits="1"/>
						<line number="5" hits="1"/>
						<line number="7" hits="1"/>
						<line number="8" hits="1"/>
						<line number="9" hits="1"/>
						<line number="10" hits="1"/>
						<line number="11" hits="1"/>
						<line number="12" hits="1"/>
						<line number="14" hits="1"/>
						<line number="16" hits="1"/>
						<line number="20" hits="1"/>
						<line number="23" hits="1"/>
						<line number="24" hits="1"/>
						<line number="37" hits="1"/>
						<line number="38" hits="1"/>
						<line number="39" hits="1"/>
						<line number="41" hits="1"/>
						<line number="44" hits="1"/>
						<line number="61" hits="1"/>
						<line number="62" hits="1"/>
						<line number="63" hits="1"/>
						<line number="64" hits="1"/>
						<line number="66" hits="1" branch="true" condition-coverage="100% (2/2)"/>
						<line number="67" hits="1"/>
						<line number="69" hits="1"/>
						<line number="72" hits="1"/>
						<line number="74" hits="1"/>
						<line number="75" hits="1"/>
						<line number="78" hits="1"/>
						<line number="94" hits="1"/>
						<line number="95" hits="1"/>
						<line number="96" hits="1"/>
						<line number="97" hits="1"/>
						<line number="98" hits="1"/>
						<line number="100" hits="1"/>
						<line number="102" hits="1"/>
						<line number="105" hits="1"/>
						<line number="106" hits="1"/>
						<line number="107" hits="0"/>
						<line number="109" hits="1"/>
						<line number="116" hits="1"/>
						<line number="117" hits="1"/>
						<line number="125" hits="1"/>
						<line number="131" hits="1" branch="true" condition-coverage="100% (2/2)"/>
						<line number="132" hits="1"/>
						<line number="137" hits="1"/>
						<line number="140" hits="1" branch="true" condition-coverage="100% (2/2)"/>
						<line number="141" hits="1"/>
						<line number="142" hits="1" branch="true" condition-coverage="50% (1/2)" missing-branches="exit"/>
						<line number="143" hits="1"/>
						<line number="156" hits="1"/>
						<line number="158" hits="1"/>
						<line number="160" hits="1" branch="true" condition-coverage="100% (2/2)"/>
						<line number="161" hits="1"/>
						<line number="163" hits="1" branch="true" condition-coverage="50% (1/2)" missing-branches="164"/>
						<line number="164" hits="0"/>
						<line number="169" hits="0"/>
						<line number="171" hits="1"/>
						<line number="172" hits="1"/>
						<line number="174" hits="1"/>
						<line number="175" hits="1"/>
						<line number="176" hits="1"/>
						<line number="177" hits="1"/>
						<line number="179" hits="1"/>
						<line number="187" hits="1"/>
						<line number="189" hits="1"/>
						<line number="190" hits="1"/>
						<line number="191" hits="1"/>
						<line number="192" hits="1"/>
						<line number="194" hits="1"/>
						<line number="196" hits="1"/>
						<line number="197" hits="1"/>
						<line number="200" hits="1"/>
					</lines>
				</class>
				<class name="watchdog.py" filename="src/reslib/core/watchdog.py" complexity="0" line-rate="0.9429" branch-rate="0.8333">
					<methods/>
					<lines>
						<line number="1" hits="1"/>
						<line number="2" hits="1"/>
						<line number="3" hits="1"/>
						<line number="5" hits="1"/>
						<line number="6" hits="1"/>
						<line number="9" hits="1"/>
						<line number="39" hits="1" branch="true" condition-coverage="50% (1/2)" missing-branches="40"/>
						<line number="40" hits="0"/>
						<line number="43" hits="1"/>
						<line number="48" hits="1"/>
						<line number="51" hits="1" branch="true" condition-coverage="100% (2/2)"/>
						<line number="52" hits="1"/>
						<line number="54" hits="1"/>
						<line number="57" hits="1" branch="true" condition-coverage="50% (1/2)" missing-branches="63"/>
						<line number="58" hits="1" branch="true" condition-coverage="100% (2/2)"/>
						<line number="59" hits="1"/>
						<line number="60" hits="1" branch="true" condition-coverage="50% (1/2)" missing-branches="61"/>
						<line number="61" hits="0"/>
						<line number="63" hits="1" branch="true" condition-coverage="100% (2/2)"/>
						<line number="64" hits="1"/>
						<line number="65" hits="1"/>
						<line number="77" hits="1"/>
						<line number="80" hits="1"/>
						<line number="106" hits="1"/>
						<line number="107" hits="1"/>
						<line number="108" hits="1"/>
						<line number="121" hits="1"/>
						<line number="122" hits="1"/>
						<line number="123" hits="1" branch="true" condition-coverage="100% (2/2)"/>
						<line number="124" hits="1"/>
						<line number="126" hits="1" branch="true" condition-coverage="100% (2/2)"/>
						<line number="127" hits="1"/>
						<line number="129" hits="1" branch="true" condition-coverage="100% (2/2)"/>
						<line number="130" hits="1"/>
						<line number="132" hits="1"/>
					</lines>
				</class>
			</classes>
		</package>
		<package name="src.reslib.guardrails" line-rate="1" branch-rate="1" complexity="0">
			<classes>
				<class name="availability.py" filename="src/reslib/guardrails/availability.py" complexity="0" line-rate="1" branch-rate="1">
					<methods/>
					<lines>
						<line number="1" hits="1"/>
						<line number="2" hits="1"/>
						<line number="3" hits="1"/>
						<line number="4" hits="1"/>
						<line number="5" hits="1"/>
						<line number="8" hits="1"/>
						<line number="29" hits="1"/>
						<line number="30" hits="1"/>
						<line number="31" hits="1"/>
						<line number="33" hits="1"/>
						<line number="34" hits="1"/>
						<line number="37" hits="1"/>
						<line number="39" hits="1"/>
						<line number="41" hits="1" branch="true" condition-coverage="100% (2/2)"/>
						<line number="42" hits="1"/>
						<line number="54" hits="1" branch="true" condition-coverage="100% (2/2)"/>
						<line number="55" hits="1"/>
						<line number="56" hits="1"/>
					</lines>
				</class>
			</classes>
		</package>
		<package name="src.reslib.k8s" line-rate="1" branch-rate="0.9286" complexity="0">
			<classes>
				<class name="client.py" filename="src/reslib/k8s/client.py" complexity="0" line-rate="1" branch-rate="0.9286">
					<methods/>
					<lines>
						<line number="1" hits="1"/>
						<line number="2" hits="1"/>
						<line number="4" hits="1"/>
						<line number="5" hits="1"/>
						<line number="8" hits="1"/>
						<line number="17" hits="1"/>
						<line number="18" hits="1"/>
						<line number="19" hits="1"/>
						<line number="20" hits="1"/>
						<line number="21" hits="1"/>
						<line number="22" hits="1"/>
						<line number="23" hits="1"/>
						<line number="24" hits="1"/>
						<line number="25" hits="1"/>
						<line number="27" hits="1"/>
						<line number="28" hits="1"/>
						<line number="29" hits="1"/>
						<line number="30" hits="1"/>
						<line number="31" hits="1"/>
						<line number="32" hits="1"/>
						<line number="34" hits="1"/>
						<line number="35" hits="1"/>
						<line number="36" hits="1" branch="true" condition-coverage="50% (1/2)" missing-branches="38"/>
						<line number="37" hits="1"/>
						<line number="38" hits="1"/>
						<line number="40" hits="1"/>
						<line number="41" hits="1"/>
						<line number="43" hits="1"/>
						<line number="45" hits="1"/>
						<line number="46" hits="1"/>
						<line number="48" hits="1"/>
						<line number="50" hits="1"/>
						<line number="51" hits="1"/>
						<line number="53" hits="1"/>
						<line number="55" hits="1"/>
						<line number="56" hits="1"/>
						<line number="57" hits="1" branch="true" condition-coverage="100% (2/2)"/>
						<line number="58" hits="1"/>
						<line number="59" hits="1"/>
						<line number="61" hits="1"/>
						<line number="62" hits="1"/>
						<line number="63" hits="1" branch="true" condition-coverage="100% (2/2)"/>
						<line number="64" hits="1"/>
						<line number="65" hits="1"/>
						<line number="67" hits="1"/>
						<line number="68" hits="1"/>
						<line number="69" hits="1" branch="true" condition-coverage="100% (2/2)"/>
						<line number="70" hits="1"/>
						<line number="71" hits="1"/>
						<line number="73" hits="1"/>
						<line number="74" hits="1"/>
						<line number="75" hits="1" branch="true" condition-coverage="100% (2/2)"/>
						<line number="76" hits="1"/>
						<line number="77" hits="1"/>
						<line number="79" hits="1"/>
						<line number="80" hits="1"/>
						<line number="81" hits="1" branch="true" condition-coverage="100% (2/2)"/>
						<line number="82" hits="1"/>
						<line number="83" hits="1"/>
						<line number="85" hits="1"/>
						<line number="86" hits="1"/>
						<line number="87" hits="1" branch="true" condition-coverage="100% (2/2)"/>
						<line number="88" hits="1"/>
						<line number="89" hits="1"/>
						<line number="91" hits="1"/>
						<line number="92" hits="1"/>
						<line number="96" hits="1"/>
						<line number="97" hits="1"/>
						<line number="104" hits="1"/>
						<line number="105" hits="1"/>
						<line number="109" hits="1"/>
						<line number="110" hits="1"/>
						<line number="117" hits="1"/>
						<line number="118" hits="1"/>
						<line number="124" hits="1"/>
						<line number="125" hits="1"/>
						<line number="132" hits="1"/>
						<line number="133" hits="1"/>
						<line number="140" hits="1"/>
						<line number="143" hits="1"/>
						<line number="149" hits="1"/>
						<line number="150" hits="1"/>
						<line number="155" hits="1"/>
						<line number="156" hits="1"/>
						<line number="161" hits="1"/>
						<line number="170" hits="1"/>
						<line number="179" hits="1"/>
						<line number="180" hits="1"/>
						<line number="185" hits="1"/>
						<line number="186" hits="1"/>
						<line number="191" hits="1"/>
						<line number="192" hits="1"/>
						<line number="198" hits="1"/>
						<line number="201" hits="1"/>
					</lines>
				</class>
				<class name="exceptions.py" filename="src/reslib/k8s/exceptions.py" complexity="0" line-rate="1" branch-rate="1">
					<methods/>
					<lines>
						<line number="1" hits="1"/>
						<line number="4" hits="1"/>
						<line number="5" hits="1"/>
						<line number="8" hits="1"/>
						<line number="9" hits="1"/>
						<line number="12" hits="1"/>
						<line number="13" hits="1"/>
						<line number="16" hits="1"/>
						<line number="17" hits="1"/>
						<line number="20" hits="1"/>
						<line number="21" hits="1"/>
						<line number="24" hits="1"/>
						<line number="25" hits="1"/>
						<line number="28" hits="1"/>
						<line number="29" hits="1"/>
						<line number="32" hits="1"/>
						<line number="33" hits="1"/>
						<line number="36" hits="1"/>
						<line number="37" hits="1"/>
						<line number="40" hits="1"/>
						<line number="41" hits="1"/>
						<line number="44" hits="1"/>
						<line number="45" hits="1"/>
						<line number="48" hits="1"/>
						<line number="49" hits="1"/>
						<line number="52" hits="1"/>
						<line number="53" hits="1"/>
						<line number="56" hits="1"/>
						<line number="57" hits="1"/>
						<line number="60" hits="1"/>
						<line number="61" hits="1"/>
						<line number="64" hits="1"/>
						<line number="65" hits="1"/>
						<line number="68" hits="1"/>
						<line number="69" hits="1"/>
						<line number="72" hits="1"/>
						<line number="73" hits="1"/>
						<line number="76" hits="1"/>
						<line number="77" hits="1"/>
						<line number="80" hits="1"/>
						<line number="81" hits="1"/>
						<line number="84" hits="1"/>
						<line number="85" hits="1"/>
						<line number="88" hits="1"/>
						<line number="89" hits="1"/>
						<line number="92" hits="1"/>
						<line number="93" hits="1"/>
						<line number="96" hits="1"/>
						<line number="97" hits="1"/>
						<line number="100" hits="1"/>
						<line number="101" hits="1"/>
						<line number="104" hits="1"/>
						<line number="105" hits="1"/>
						<line number="108" hits="1"/>
						<line number="109" hits="1"/>
						<line number="112" hits="1"/>
						<line number="113" hits="1"/>
					</lines>
				</class>
				<class name="schema.py" filename="src/reslib/k8s/schema.py" complexity="0" line-rate="1" branch-rate="1">
					<methods/>
					<lines>
						<line number="1" hits="1"/>
						<line number="2" hits="1"/>
						<line number="4" hits="1"/>
						<line number="6" hits="1"/>
						<line number="9" hits="1"/>
						<line number="12" hits="1"/>
						<line number="13" hits="1"/>
						<line number="14" hits="1"/>
						<line number="15" hits="1"/>
						<line number="18" hits="1"/>
						<line number="21" hits="1"/>
						<line number="22" hits="1"/>
						<line number="23" hits="1"/>
						<line number="26" hits="1"/>
						<line number="33" hits="1"/>
						<line number="34" hits="1"/>
						<line number="37" hits="1"/>
						<line number="40" hits="1"/>
						<line number="41" hits="1"/>
						<line number="42" hits="1"/>
						<line number="45" hits="1"/>
						<line number="48" hits="1"/>
						<line number="49" hits="1"/>
						<line number="50" hits="1"/>
						<line number="51" hits="1"/>
						<line number="52" hits="1"/>
						<line number="55" hits="1"/>
						<line number="58" hits="1"/>
						<line number="59" hits="1"/>
						<line number="64" hits="1"/>
						<line number="67" hits="1"/>
						<line number="68" hits="1"/>
						<line number="69" hits="1"/>
						<line number="70" hits="1"/>
						<line number="73" hits="1"/>
						<line number="76" hits="1"/>
						<line number="79" hits="1"/>
						<line number="84" hits="1"/>
						<line number="87" hits="1"/>
						<line number="88" hits="1"/>
						<line number="91" hits="1"/>
						<line number="92" hits="1"/>
						<line number="93" hits="1"/>
						<line number="96" hits="1"/>
						<line number="100" hits="1"/>
						<line number="105" hits="1"/>
						<line number="108" hits="1"/>
						<line number="113" hits="1"/>
						<line number="116" hits="1"/>
						<line number="117" hits="1"/>
						<line number="118" hits="1"/>
						<line number="121" hits="1"/>
						<line number="127" hits="1"/>
						<line number="132" hits="1"/>
						<line number="135" hits="1"/>
						<line number="136" hits="1"/>
						<line number="137" hits="1"/>
						<line number="140" hits="1"/>
						<line number="143" hits="1"/>
						<line number="144" hits="1"/>
						<line number="149" hits="1"/>
						<line number="152" hits="1"/>
					</lines>
				</class>
			</classes>
		</package>
		<package name="src.reslib.observers" line-rate="0.6548" branch-rate="0.7" complexity="0">
			<classes>
				<class name="http.py" filename="src/reslib/observers/http.py" complexity="0" line-rate="0.6329" branch-rate="0.7">
					<methods/>
					<lines>
						<line number="1" hits="1"/>
						<line number="2" hits="1"/>
						<line number="3" hits="1"/>
						<line number="4" hits="1"/>
						<line number="6" hits="1"/>
						<line number="8" hits="1"/>
						<line number="9" hits="1"/>
						<line number="10" hits="1"/>
						<line number="11" hits="1"/>
						<line number="12" hits="1"/>
						<line number="13" hits="1"/>
						<line number="14" hits="1"/>
						<line number="15" hits="1"/>
						<line number="16" hits="1"/>
						<line number="17" hits="1"/>
						<line number="21" hits="1"/>
						<line number="42" hits="1"/>
						<line number="43" hits="1"/>
						<line number="46" hits="1"/>
						<line number="62" hits="1"/>
						<line number="64" hits="1" branch="true" condition-coverage="100% (2/2)"/>
						<line number="65" hits="1" branch="true" condition-coverage="100% (2/2)"/>
						<line number="66" hits="1"/>
						<line number="67" hits="1"/>
						<line number="68" hits="1"/>
						<line number="70" hits="1"/>
						<line number="72" hits="1" branch="true" condition-coverage="100% (2/2)"/>
						<line number="73" hits="1"/>
						<line number="75" hits="1"/>
						<line number="76" hits="1"/>
						<line number="78" hits="1"/>
						<line number="81" hits="1"/>
						<line number="93" hits="1"/>
						<line number="96" hits="1"/>
						<line number="98" hits="1"/>
						<line number="104" hits="1"/>
						<line number="105" hits="1"/>
						<line number="106" hits="1"/>
						<line number="108" hits="1"/>
						<line number="122" hits="1" branch="true" condition-coverage="50% (1/2)" missing-branches="123"/>
						<line number="123" hits="0"/>
						<line number="133" hits="1"/>
						<line number="140" hits="1"/>
						<line number="143" hits="1"/>
						<line number="153" hits="0"/>
						<line number="160" hits="0"/>
						<line number="175" hits="1"/>
						<line number="185" hits="0"/>
						<line number="186" hits="0"/>
						<line number="194" hits="0"/>
						<line number="197" hits="1"/>
						<line number="201" hits="1"/>
						<line number="204" hits="1"/>
						<line number="208" hits="0"/>
						<line number="209" hits="0"/>
						<line number="226" hits="1"/>
						<line number="230" hits="0"/>
						<line number="231" hits="0"/>
						<line number="232" hits="0"/>
						<line number="234" hits="0" branch="true" condition-coverage="0% (0/2)" missing-branches="235,241"/>
						<line number="235" hits="0"/>
						<line number="236" hits="0"/>
						<line number="237" hits="0"/>
						<line number="238" hits="0"/>
						<line number="239" hits="0"/>
						<line number="241" hits="0"/>
						<line number="244" hits="1"/>
						<line number="248" hits="0"/>
						<line number="252" hits="0"/>
						<line number="255" hits="1"/>
						<line number="271" hits="0"/>
						<line number="272" hits="0"/>
						<line number="273" hits="0"/>
						<line number="274" hits="0"/>
						<line number="276" hits="0"/>
						<line number="281" hits="0"/>
						<line number="283" hits="0"/>
						<line number="284" hits="0"/>
						<line number="288" hits="0"/>
					</lines>
				</class>
				<class name="schemas.py" filename="src/reslib/observers/schemas.py" complexity="0" line-rate="1" branch-rate="1">
					<methods/>
					<lines>
						<line number="1" hits="1"/>
						<line number="4" hits="1"/>
						<line number="12" hits="1"/>
						<line number="15" hits="1"/>
						<line number="18" hits="1"/>
					</lines>
				</class>
			</classes>
		</package>
		<package name="src.reslib.rollbacks" line-rate="1" branch-rate="1" complexity="0">
			<classes>
				<class name="schemas.py" filename="src/reslib/rollbacks/schemas.py" complexity="0" line-rate="1" branch-rate="1">
					<methods/>
					<lines>
						<line number="1" hits="1"/>
						<line number="4" hits="1"/>
						<line number="13" hits="1"/>
						<line number="20" hits="1"/>
						<line number="31" hits="1"/>
						<line number="38" hits="1"/>
						<line number="41" hits="1"/>
						<line number="49" hits="1"/>
						<line number="52" hits="1"/>
					</lines>
				</class>
			</classes>
		</package>
		<package name="src.reslib.runtime" line-rate="0.9524" branch-rate="0.8333" complexity="0">
			<classes>
				<class name="resolve.py" filename="src/reslib/runtime/resolve.py" complexity="0" line-rate="0.9524" branch-rate="0.8333">
					<methods/>
					<lines>
						<line number="1" hits="1"/>
						<line number="2" hits="1"/>
						<line number="4" hits="1"/>
						<line number="5" hits="1"/>
						<line number="6" hits="1"/>
						<line number="7" hits="1"/>
						<line number="9" hits="1"/>
						<line number="12" hits="1"/>
						<line number="20" hits="1"/>
						<line number="47" hits="1"/>
						<line number="48" hits="1" branch="true" condition-coverage="100% (2/2)"/>
						<line number="49" hits="1"/>
						<line number="51" hits="1"/>
						<line number="53" hits="1" branch="true" condition-coverage="100% (2/2)"/>
						<line number="54" hits="1"/>
						<line number="58" hits="1"/>
						<line number="61" hits="1"/>
						<line number="93" hits="1"/>
						<line number="94" hits="1" branch="true" condition-coverage="50% (1/2)" missing-branches="95"/>
						<line number="95" hits="0"/>
						<line number="97" hits="1"/>
					</lines>
				</class>
			</classes>
		</package>
		<package name="src.reslib.schemas" line-rate="1" branch-rate="1" complexity="0">
			<classes>
				<class name="scenario.py" filename="src/reslib/schemas/scenario.py" complexity="0" line-rate="1" branch-rate="1">
					<methods/>
					<lines>
						<line number="1" hits="1"/>
						<line number="3" hits="1"/>
						<line number="5" hits="1"/>
						<line number="6" hits="1"/>
						<line number="16" hits="1"/>
						<line number="26" hits="1"/>
						<line number="27" hits="1"/>
						<line number="28" hits="1"/>
						<line number="33" hits="1"/>
						<line number="42" hits="1"/>
						<line number="48" hits="1"/>
						<line number="54" hits="1"/>
						<line number="62" hits="1"/>
						<line number="71" hits="1"/>
						<line number="72" hits="1"/>
						<line number="76" hits="1"/>
						<line number="81" hits="1"/>
						<line number="90" hits="1"/>
						<line number="92" hits="1"/>
						<line number="93" hits="1"/>
						<line number="94" hits="1"/>
						<line number="95" hits="1"/>
						<line number="102" hits="1"/>
						<line number="105" hits="1"/>
						<line number="109" hits="1"/>
						<line number="110" hits="1"/>
						<line number="111" hits="1"/>
						<line number="132" hits="1"/>
						<line number="133" hits="1"/>
						<line number="134" hits="1"/>
						<line number="136" hits="1" branch="true" condition-coverage="100% (2/2)"/>
						<line number="137" hits="1"/>
						<line number="139" hits="1"/>
						<line number="140" hits="1"/>
					</lines>
				</class>
				<class name="validators.py" filename="src/reslib/schemas/validators.py" complexity="0" line-rate="1" branch-rate="1">
					<methods/>
					<lines>
						<line number="1" hits="1"/>
						<line number="3" hits="1"/>
						<line number="5" hits="1"/>
						<line number="6" hits="1"/>
						<line number="9" hits="1"/>
						<line number="22" hits="1"/>
						<line number="27" hits="1"/>
						<line number="29" hits="1"/>
						<line number="30" hits="1"/>
						<line number="37" hits="1" branch="true" condition-coverage="100% (2/2)"/>
						<line number="38" hits="1"/>
						<line number="46" hits="1"/>
						<line number="48" hits="1"/>
						<line number="58" hits="1" branch="true" condition-coverage="100% (2/2)"/>
						<line number="59" hits="1"/>
						<line number="61" hits="1" branch="true" condition-coverage="100% (2/2)"/>
						<line number="62" hits="1"/>
						<line number="74" hits="1"/>
					</lines>
				</class>
			</classes>
		</package>
	</packages>
</coverage>
